0 info it worked if it ends with ok
1 verbose cli [ 'node', '/usr/local/bin/npm', 'start' ]
2 info using npm@3.4.0
3 info using node@v0.10.29
4 verbose run-script [ 'prestart', 'start', 'poststart' ]
5 info lifecycle zpder@0.0.0~prestart: zpder@0.0.0
6 silly lifecycle zpder@0.0.0~prestart: no script for prestart, continuing
7 info lifecycle zpder@0.0.0~start: zpder@0.0.0
8 verbose lifecycle zpder@0.0.0~start: unsafe-perm in lifecycle true
9 verbose lifecycle zpder@0.0.0~start: PATH: /usr/local/lib/node_modules/npm/bin/node-gyp-bin:/Users/shaharsol/git/zpder/node_modules/.bin:/Users/shaharsol/bin/Sencha/Cmd/5.0.0.160:/opt/local/bin:/opt/local/sbin:/usr/bin:/bin:/usr/sbin:/sbin:/usr/local/bin:/usr/local/git/bin:/opt/ImageMagick/bin:/Users/shaharsol/.rvm/bin
10 verbose lifecycle zpder@0.0.0~start: CWD: /Users/shaharsol/git/zpder
11 silly lifecycle zpder@0.0.0~start: Args: [ '-c', 'node ./bin/www' ]
12 silly lifecycle zpder@0.0.0~start: Returned: code: 8  signal: null
13 info lifecycle zpder@0.0.0~start: Failed to exec start script
14 verbose stack Error: zpder@0.0.0 start: `node ./bin/www`
14 verbose stack Exit status 8
14 verbose stack     at EventEmitter.<anonymous> (/usr/local/lib/node_modules/npm/lib/utils/lifecycle.js:232:16)
14 verbose stack     at EventEmitter.emit (events.js:98:17)
14 verbose stack     at ChildProcess.<anonymous> (/usr/local/lib/node_modules/npm/lib/utils/spawn.js:24:14)
14 verbose stack     at ChildProcess.emit (events.js:98:17)
14 verbose stack     at maybeClose (child_process.js:755:16)
14 verbose stack     at Process.ChildProcess._handle.onexit (child_process.js:822:5)
15 verbose pkgid zpder@0.0.0
16 verbose cwd /Users/shaharsol/git/zpder
17 error Darwin 15.0.0
18 error argv "node" "/usr/local/bin/npm" "start"
19 error node v0.10.29
20 error npm  v3.4.0
21 error code ELIFECYCLE
22 error zpder@0.0.0 start: `node ./bin/www`
22 error Exit status 8
23 error Failed at the zpder@0.0.0 start script 'node ./bin/www'.
23 error Make sure you have the latest version of node.js and npm installed.
23 error If you do, this is most likely a problem with the zpder package,
23 error not with npm itself.
23 error Tell the author that this fails on your system:
23 error     node ./bin/www
23 error You can get their info via:
23 error     npm owner ls zpder
23 error There is likely additional logging output above.
24 verbose exit [ 1, true ]
